TN:
SF:script/DeployAave.s.sol
DA:11,0
FN:11,DeployAave.run
FNDA:0,DeployAave.run
DA:13,0
DA:15,0
DA:22,0
DA:24,0
DA:25,0
DA:26,0
DA:28,0
FNF:1
FNH:0
LF:8
LH:0
BRF:0
BRH:0
end_of_record
TN:
SF:script/DeployDebtManager.s.sol
DA:16,0
FN:16,DeployDebtManager.run
FNDA:0,DeployDebtManager.run
DA:18,0
DA:20,0
DA:30,0
DA:32,0
DA:33,0
DA:34,0
BRDA:34,0,0,-
DA:35,0
DA:39,0
DA:41,0
DA:43,0
DA:44,0
DA:46,0
FNF:1
FNH:0
LF:13
LH:0
BRF:1
BRH:0
end_of_record
TN:
SF:script/HelperConfig.s.sol
DA:44,0
FN:44,HelperConfig.constructor
FNDA:0,HelperConfig.constructor
DA:45,0
BRDA:45,0,0,-
BRDA:45,0,1,-
DA:46,0
DA:47,0
BRDA:47,1,0,-
BRDA:47,1,1,-
DA:48,0
DA:50,0
DA:54,0
FN:54,HelperConfig.getBaseMainConfig
FNDA:0,HelperConfig.getBaseMainConfig
DA:55,0
DA:68,0
FN:68,HelperConfig.getSepoliaEthConfig
FNDA:0,HelperConfig.getSepoliaEthConfig
DA:69,0
DA:82,0
FN:82,HelperConfig.getOrCreateAnvilEthConfig
FNDA:0,HelperConfig.getOrCreateAnvilEthConfig
DA:84,0
BRDA:84,2,0,-
DA:85,0
DA:88,0
DA:90,0
DA:92,0
DA:94,0
DA:96,0
DA:98,0
DA:100,0
DA:102,0
DA:104,0
DA:105,0
DA:106,0
DA:107,0
DA:108,0
DA:109,0
DA:111,0
DA:113,0
FNF:4
FNH:0
LF:29
LH:0
BRF:5
BRH:0
end_of_record
TN:
SF:src/Aave.sol
DA:35,126
FN:35,Aave.constructor
FNDA:126,Aave.constructor
DA:42,126
DA:43,126
DA:44,126
DA:46,126
DA:48,126
DA:49,126
DA:56,1
FN:56,Aave.getVariableBorrowAPR
FNDA:1,Aave.getVariableBorrowAPR
DA:61,1
DA:62,1
DA:74,3
FN:74,Aave.getUserAccountData
FNDA:3,Aave.getUserAccountData
DA:89,3
DA:90,3
DA:92,3
DA:100,3
DA:103,3
DA:104,3
DA:105,3
DA:106,3
DA:108,3
DA:109,3
DA:117,4
FN:117,Aave.getHealthFactor
FNDA:4,Aave.getHealthFactor
DA:120,4
DA:122,4
BRDA:122,0,0,1
BRDA:122,0,1,2
DA:123,1
DA:124,3
BRDA:124,1,0,1
BRDA:124,1,1,2
DA:125,1
DA:127,2
DA:130,4
DA:137,3836
FN:137,Aave.revertIfHFBreaks
FNDA:3836,Aave.revertIfHFBreaks
DA:141,3836
DA:148,3836
DA:150,3836
DA:151,3836
DA:154,3836
DA:155,3836
BRDA:155,2,0,1
DA:156,1
DA:160,3835
DA:161,3835
DA:165,3835
BRDA:165,3,0,1
DA:166,1
DA:174,261
FN:174,Aave.isAtRisk
FNDA:261,Aave.isAtRisk
DA:175,261
DA:176,261
DA:184,23172
FN:184,Aave.getVariableDebt
FNDA:23172,Aave.getVariableDebt
DA:188,23172
DA:189,23172
DA:197,9
FN:197,Aave.getSupplyBalance
FNDA:9,Aave.getSupplyBalance
DA:201,9
DA:202,9
DA:209,54848
FN:209,Aave.getAssetPrice
FNDA:54848,Aave.getAssetPrice
DA:210,54848
DA:212,54848
BRDA:212,4,0,-
DA:213,0
DA:221,193
FN:221,Aave.getAssetLiquidationBonus
FNDA:193,Aave.getAssetLiquidationBonus
DA:224,193
DA:226,193
FNF:10
FNH:10
LF:57
LH:56
BRF:7
BRH:6
end_of_record
TN:
SF:src/DebtManager.sol
DA:85,6093
FN:85,DebtManager.moreThanZero
FNDA:6093,DebtManager.moreThanZero
DA:86,6093
DA:90,6092
FN:90,DebtManager.isSupportedToken
FNDA:6092,DebtManager.isSupportedToken
DA:91,6092
DA:95,6095
FN:95,DebtManager.isCollateralPaused
FNDA:6095,DebtManager.isCollateralPaused
DA:96,6095
DA:100,3579
FN:100,DebtManager.enforceCooldown
FNDA:3579,DebtManager.enforceCooldown
DA:101,3579
DA:107,100
FN:107,DebtManager.constructor
FNDA:100,DebtManager.constructor
DA:113,100
BRDA:113,0,0,1
DA:114,1
DA:117,99
DA:118,296
BRDA:118,1,0,1
DA:119,1
DA:121,295
DA:122,295
DA:125,98
DA:126,98
DA:127,98
DA:129,98
DA:130,98
DA:155,6095
FN:155,DebtManager.depositCollateralERC20
FNDA:6095,DebtManager.depositCollateralERC20
DA:159,6089
DA:160,6089
DA:161,6089
DA:162,6089
DA:164,6089
DA:165,6089
DA:168,6089
DA:180,5
FN:180,DebtManager.depositCollateralETH
FNDA:5,DebtManager.depositCollateralETH
DA:181,4
DA:183,4
BRDA:183,2,0,1
DA:184,1
DA:186,3
DA:188,3
DA:189,3
DA:190,3
DA:193,3
DA:194,3
DA:195,3
DA:210,1161
FN:210,DebtManager.redeemCollateral
FNDA:1161,DebtManager.redeemCollateral
DA:215,1030
DA:217,1030
DA:218,1030
BRDA:218,3,0,1
DA:219,1
DA:222,1029
DA:223,1029
BRDA:223,4,0,358
DA:224,358
DA:226,1
BRDA:226,5,0,1
DA:227,1
DA:229,1029
DA:231,1029
DA:232,1029
DA:240,3580
FN:240,DebtManager.borrowUsdc
FNDA:3580,DebtManager.borrowUsdc
DA:242,3578
DA:245,3578
DA:246,3578
BRDA:246,6,0,1
DA:247,1
DA:250,3577
DA:251,3576
BRDA:251,7,0,1768
DA:252,1768
DA:255,3576
DA:256,3576
DA:257,3576
DA:258,3576
DA:266,776
FN:266,DebtManager.repayUsdc
FNDA:776,DebtManager.repayUsdc
DA:268,775
DA:269,775
BRDA:269,8,0,1
DA:270,1
DA:273,774
DA:274,774
BRDA:274,9,0,1
DA:275,1
DA:278,774
DA:285,261
FN:285,DebtManager.setProtocolAPRMarkup
FNDA:261,DebtManager.setProtocolAPRMarkup
DA:286,260
BRDA:286,10,0,1
DA:287,1
DA:289,259
DA:296,3
FN:296,DebtManager.setLiquidationFee
FNDA:3,DebtManager.setLiquidationFee
DA:297,2
BRDA:297,11,0,1
DA:298,1
DA:300,1
DA:307,3
FN:307,DebtManager.setCoolDownPeriod
FNDA:3,DebtManager.setCoolDownPeriod
DA:308,2
BRDA:308,12,0,1
DA:309,1
DA:311,1
DA:318,3
FN:318,DebtManager.addCollateralAsset
FNDA:3,DebtManager.addCollateralAsset
DA:319,2
BRDA:319,13,0,1
DA:320,1
DA:322,1
DA:323,1
DA:330,7
FN:330,DebtManager.pauseCollateralActivity
FNDA:7,DebtManager.pauseCollateralActivity
DA:331,6
BRDA:331,14,0,1
DA:332,1
DA:334,1
BRDA:334,15,0,1
DA:335,1
DA:337,4
DA:344,4
FN:344,DebtManager.unPauseCollateralActivity
FNDA:4,DebtManager.unPauseCollateralActivity
DA:345,3
BRDA:345,16,0,1
DA:346,1
DA:348,2
BRDA:348,17,0,1
DA:349,1
DA:351,1
DA:358,4
FN:358,DebtManager.pause
FNDA:4,DebtManager.pause
DA:359,3
DA:366,2
FN:366,DebtManager.unpause
FNDA:2,DebtManager.unpause
DA:367,1
DA:375,740
FN:375,DebtManager.userLTV
FNDA:740,DebtManager.userLTV
DA:376,1446
DA:378,1446
DA:379,1446
BRDA:379,18,0,4
DA:381,1442
DA:389,515
FN:389,DebtManager.isLiquidatable
FNDA:515,DebtManager.isLiquidatable
DA:390,706
DA:392,706
BRDA:392,19,0,2
DA:393,2
DA:395,704
DA:405,192
FN:405,DebtManager.liquidate
FNDA:192,DebtManager.liquidate
DA:412,191
BRDA:412,20,0,1
DA:413,1
DA:417,190
DA:418,190
DA:421,190
DA:422,190
BRDA:422,21,0,94
BRDA:422,21,1,96
DA:423,94
DA:425,96
DA:427,190
DA:428,190
BRDA:428,22,0,48
DA:429,48
DA:433,190
DA:434,190
DA:435,190
DA:437,190
BRDA:437,23,0,1
DA:438,1
DA:442,189
DA:443,189
DA:444,189
DA:452,189
DA:453,189
DA:454,189
DA:457,1
BRDA:457,24,0,1
DA:458,1
DA:460,189
DA:461,189
DA:462,189
DA:464,188
DA:476,7
FN:476,DebtManager.withdrawRevenue
FNDA:7,DebtManager.withdrawRevenue
DA:481,5
BRDA:481,25,0,1
DA:482,1
DA:484,4
BRDA:484,26,0,2
BRDA:484,26,1,1
DA:485,2
BRDA:485,27,0,1
DA:486,1
DA:488,1
DA:490,2
DA:491,2
BRDA:491,28,0,1
DA:492,1
DA:494,1
DA:497,2
DA:498,2
DA:509,3576
FN:509,DebtManager._borrowUsd
FNDA:3576,DebtManager._borrowUsd
DA:510,3576
DA:512,3576
DA:513,3576
BRDA:513,29,0,3061
BRDA:513,29,1,515
DA:514,3061
DA:516,515
DA:518,3576
DA:519,3576
DA:521,3576
DA:524,3576
DA:540,774
FN:540,DebtManager._repayUsdc
FNDA:774,DebtManager._repayUsdc
DA:542,774
DA:543,774
DA:545,774
DA:546,774
DA:547,774
DA:548,774
DA:550,774
DA:553,774
DA:554,774
DA:570,1218
FN:570,DebtManager._redeemCollateral
FNDA:1218,DebtManager._redeemCollateral
DA:576,1218
DA:579,1218
DA:582,189
BRDA:582,30,0,189
BRDA:582,30,1,1029
DA:583,189
DA:584,189
DA:586,1029
DA:590,2
BRDA:590,31,0,2
DA:591,2
DA:592,2
DA:593,2
BRDA:593,32,0,-
DA:594,0
DA:596,2
DA:599,1216
DA:601,1216
DA:609,3579
FN:609,DebtManager._maxBorrowValue
FNDA:3579,DebtManager._maxBorrowValue
DA:610,3579
DA:612,3579
DA:613,3579
BRDA:613,33,0,1
DA:614,1
DA:616,3578
DA:624,3578
FN:624,DebtManager._maxBorrowAmount
FNDA:3578,DebtManager._maxBorrowAmount
DA:625,3578
DA:627,3577
DA:628,3577
DA:630,3577
DA:639,1031
FN:639,DebtManager._maxWithdrawAmount
FNDA:1031,DebtManager._maxWithdrawAmount
DA:640,1031
DA:641,1031
DA:642,1031
DA:645,1031
DA:646,1031
BRDA:646,34,0,772
BRDA:646,34,1,259
DA:647,772
DA:649,259
DA:650,259
DA:654,1031
BRDA:654,35,0,2
DA:655,2
DA:658,1031
DA:667,1223
FN:667,DebtManager._valueToAmount
FNDA:1223,DebtManager._valueToAmount
DA:668,1223
DA:669,1223
DA:671,1223
DA:680,774
FN:680,DebtManager._repayCut
FNDA:774,DebtManager._repayCut
DA:681,774
DA:682,774
DA:690,515
FN:690,DebtManager._sharesToGet
FNDA:515,DebtManager._sharesToGet
DA:691,515
DA:699,963
FN:699,DebtManager._sharesToBurn
FNDA:963,DebtManager._sharesToBurn
DA:700,963
DA:713,19332
FN:713,DebtManager._debtOwed
FNDA:19332,DebtManager._debtOwed
DA:714,19332
DA:715,19332
BRDA:715,36,0,8318
DA:716,11014
DA:717,11014
DA:724,23167
FN:724,DebtManager._currentPlatformDebt
FNDA:23167,DebtManager._currentPlatformDebt
DA:725,23167
DA:726,23167
DA:732,12954
FN:732,DebtManager._currentPlatformLtvAndLltv
FNDA:12954,DebtManager._currentPlatformLtvAndLltv
DA:733,12954
DA:735,12954
DA:736,12571
DA:747,15900
FN:747,DebtManager._getAccountInformation
FNDA:15900,DebtManager._getAccountInformation
DA:750,15900
DA:751,15900
DA:752,15900
DA:753,15900
DA:761,5872
FN:761,DebtManager._healthFactor
FNDA:5872,DebtManager._healthFactor
DA:762,5872
DA:763,5489
DA:764,5489
DA:772,54846
FN:772,DebtManager._getAssetPrice
FNDA:54846,DebtManager._getAssetPrice
DA:774,54846
DA:783,50045
FN:783,DebtManager._getUsdValue
FNDA:50045,DebtManager._getUsdValue
DA:785,50045
DA:787,50045
DA:789,50045
DA:798,5490
FN:798,DebtManager._calculateHealthFactor
FNDA:5490,DebtManager._calculateHealthFactor
DA:802,5490
BRDA:802,37,0,389
DA:803,5101
DA:804,5101
DA:811,4794
FN:811,DebtManager._revertIfHealthFactorIsBroken
FNDA:4794,DebtManager._revertIfHealthFactorIsBroken
DA:812,4794
DA:813,4411
BRDA:813,38,0,1
DA:814,1
DA:821,4738
FN:821,DebtManager._enforceCooldown
FNDA:4738,DebtManager._enforceCooldown
DA:822,4738
BRDA:822,39,0,130
DA:823,130
DA:830,7450
FN:830,DebtManager._isSupportedToken
FNDA:7450,DebtManager._isSupportedToken
DA:831,7450
BRDA:831,40,0,3
DA:832,3
DA:839,11814
FN:839,DebtManager._moreThanZero
FNDA:11814,DebtManager._moreThanZero
DA:840,11814
BRDA:840,41,0,7
DA:841,7
DA:848,6095
FN:848,DebtManager._isCollateralPaused
FNDA:6095,DebtManager._isCollateralPaused
DA:849,6095
BRDA:849,42,0,1
DA:850,1
DA:852,1
BRDA:852,43,0,1
DA:853,1
DA:866,1
FN:866,DebtManager.getCollateralAmount
FNDA:1,DebtManager.getCollateralAmount
DA:870,1
DA:879,1
FN:879,DebtManager.getCollateralAmountLiquidate
FNDA:1,DebtManager.getCollateralAmountLiquidate
DA:883,191
DA:884,191
DA:885,191
DA:894,3
FN:894,DebtManager.getUserMaxCollateralWithdrawAmount
FNDA:3,DebtManager.getUserMaxCollateralWithdrawAmount
DA:895,3
DA:897,3
DA:898,3
BRDA:898,44,0,1
DA:899,1
DA:901,2
DA:909,1
FN:909,DebtManager.checkIfTokenSupported
FNDA:1,DebtManager.checkIfTokenSupported
DA:910,1
DA:918,3
FN:918,DebtManager.checkIfCollateralPaused
FNDA:3,DebtManager.checkIfCollateralPaused
DA:919,3
DA:928,1
FN:928,DebtManager.getUserMaxBorrow
FNDA:1,DebtManager.getUserMaxBorrow
DA:929,1
DA:931,1
DA:932,1
DA:941,2468
FN:941,DebtManager.getUserDebt
FNDA:2468,DebtManager.getUserDebt
DA:942,2468
DA:950,259
FN:950,DebtManager.getPlatformDebt
FNDA:259,DebtManager.getPlatformDebt
DA:951,259
DA:952,259
DA:959,518
FN:959,DebtManager.getProtocolRevenue
FNDA:518,DebtManager.getProtocolRevenue
DA:960,518
DA:967,1
FN:967,DebtManager.getProtocolAPRMarkup
FNDA:1,DebtManager.getProtocolAPRMarkup
DA:968,1
DA:975,1
FN:975,DebtManager.getLiquidationFee
FNDA:1,DebtManager.getLiquidationFee
DA:976,1
DA:984,1
FN:984,DebtManager.getLiquidationBonus
FNDA:1,DebtManager.getLiquidationBonus
DA:985,1
DA:986,1
DA:993,79
FN:993,DebtManager.getCoolDownPeriod
FNDA:79,DebtManager.getCoolDownPeriod
DA:994,79
DA:1003,515
FN:1003,DebtManager.getUserHealthFactor
FNDA:515,DebtManager.getUserHealthFactor
DA:1004,515
DA:1006,515
DA:1008,515
BRDA:1008,45,0,1
BRDA:1008,45,1,1
DA:1009,1
DA:1010,514
BRDA:1010,46,0,513
BRDA:1010,46,1,1
DA:1011,513
DA:1013,1
DA:1022,1
FN:1022,DebtManager.getUserTotalDebt
FNDA:1,DebtManager.getUserTotalDebt
DA:1023,1
DA:1034,1
FN:1034,DebtManager.getUserAccountData
FNDA:1,DebtManager.getUserAccountData
DA:1039,1
DA:1040,1
DA:1041,1
DA:1042,1
DA:1043,1
DA:1052,738
FN:1052,DebtManager.getUsdValue
FNDA:738,DebtManager.getUsdValue
DA:1053,738
DA:1061,3
FN:1061,DebtManager.getAssetPrice
FNDA:3,DebtManager.getAssetPrice
DA:1062,3
BRDA:1062,47,0,1
DA:1063,1
DA:1065,2
BRDA:1065,48,0,1
DA:1066,1
DA:1068,1
DA:1077,2582
FN:1077,DebtManager.getCollateralBalanceOfUser
FNDA:2582,DebtManager.getCollateralBalanceOfUser
DA:1078,2582
DA:1086,482
FN:1086,DebtManager.getAccountCollateralValue
FNDA:482,DebtManager.getAccountCollateralValue
DA:1087,16382
DA:1088,49146
DA:1089,49146
DA:1090,49146
BRDA:1090,49,0,32860
DA:1091,16286
DA:1101,1538
FN:1101,DebtManager.getPlatformLltvAndLtv
FNDA:1538,DebtManager.getPlatformLltvAndLtv
DA:1102,1538
DA:1103,1538
DA:1110,1
FN:1110,DebtManager.getCollateralTokens
FNDA:1,DebtManager.getCollateralTokens
DA:1111,1
DA:1119,771
FN:1119,DebtManager.getTotalColSupplied
FNDA:771,DebtManager.getTotalColSupplied
DA:1120,771
DA:1127,1027
FN:1127,DebtManager.getTotalDebtShares
FNDA:1027,DebtManager.getTotalDebtShares
DA:1128,1027
DA:1136,1027
FN:1136,DebtManager.getUserShares
FNDA:1027,DebtManager.getUserShares
DA:1137,1027
DA:1145,373
FN:1145,DebtManager.getHealthFactor
FNDA:373,DebtManager.getHealthFactor
DA:1146,373
DA:1154,1
FN:1154,DebtManager.getNextActivity
FNDA:1,DebtManager.getNextActivity
DA:1155,1
DA:1163,1
FN:1163,DebtManager.getUserSuppliedCollateralAmount
FNDA:1,DebtManager.getUserSuppliedCollateralAmount
DA:1164,1
DA:1165,1
DA:1167,1
DA:1168,3
DA:1169,3
DA:1170,3
BRDA:1170,50,0,1
DA:1172,2
DA:1174,2
DA:1185,2
FN:1185,DebtManager.getLiquidationRevenue
FNDA:2,DebtManager.getLiquidationRevenue
DA:1186,2
DA:1187,2
DA:1189,2
DA:1190,6
DA:1191,6
DA:1193,6
DA:1195,6
DA:1207,4
FN:1207,DebtManager.getLiquidationRevenueSpecific
FNDA:4,DebtManager.getLiquidationRevenueSpecific
DA:1208,4
FNF:75
FNH:75
LF:378
LH:377
BRF:58
BRH:57
end_of_record
TN:
SF:src/libraries/OracleLib.sol
DA:20,0
FN:20,OracleLib.staleCheckLatestRoundData
FNDA:0,OracleLib.staleCheckLatestRoundData
DA:23,0
DA:24,0
DA:26,0
BRDA:26,0,0,-
DA:27,0
DA:29,0
DA:30,0
BRDA:30,1,0,-
DA:32,0
DA:35,0
FN:35,OracleLib.getTimeout
FNDA:0,OracleLib.getTimeout
DA:36,0
FNF:2
FNH:0
LF:10
LH:0
BRF:2
BRH:0
end_of_record
TN:
SF:test/mocks/MockAaveOracle.sol
DA:35,1356
FN:35,MockAaveOracle.setAssetPrice
FNDA:1356,MockAaveOracle.setAssetPrice
DA:36,1356
DA:37,1356
DA:45,0
FN:45,MockAaveOracle.setAssetPrices
FNDA:0,MockAaveOracle.setAssetPrices
DA:49,0
BRDA:49,0,0,-
BRDA:49,0,1,-
DA:51,0
DA:52,0
DA:53,0
DA:61,0
FN:61,MockAaveOracle.setDefaultPrice
FNDA:0,MockAaveOracle.setDefaultPrice
DA:62,0
DA:69,0
FN:69,MockAaveOracle.setShouldRevert
FNDA:0,MockAaveOracle.setShouldRevert
DA:70,0
DA:80,58687
FN:80,MockAaveOracle.getAssetPrice
FNDA:58687,MockAaveOracle.getAssetPrice
DA:83,58687
BRDA:83,1,0,-
BRDA:83,1,1,58687
DA:85,58687
DA:88,58687
DA:98,0
FN:98,MockAaveOracle.hasAssetPrice
FNDA:0,MockAaveOracle.hasAssetPrice
DA:99,0
DA:107,0
FN:107,MockAaveOracle.updatePrice
FNDA:0,MockAaveOracle.updatePrice
DA:108,0
DA:109,0
DA:117,0
FN:117,MockAaveOracle.simulatePriceCrash
FNDA:0,MockAaveOracle.simulatePriceCrash
DA:118,0
BRDA:118,2,0,-
BRDA:118,2,1,-
DA:119,0
DA:120,0
BRDA:120,3,0,-
BRDA:120,3,1,-
DA:122,0
DA:123,0
DA:124,0
DA:132,0
FN:132,MockAaveOracle.simulatePricePump
FNDA:0,MockAaveOracle.simulatePricePump
DA:136,0
DA:137,0
BRDA:137,4,0,-
BRDA:137,4,1,-
DA:139,0
DA:140,0
DA:141,0
DA:147,0
FN:147,MockAaveOracle.resetPrices
FNDA:0,MockAaveOracle.resetPrices
DA:150,0
DA:151,0
FNF:10
FNH:2
LF:37
LH:7
BRF:10
BRH:1
end_of_record
TN:
SF:test/mocks/MockAavePool.sol
DA:58,4397
FN:58,MockAavePool.setUserAccountData
FNDA:4397,MockAavePool.setUserAccountData
DA:67,4397
DA:80,322
FN:80,MockAavePool.setReserveData
FNDA:322,MockAavePool.setReserveData
DA:81,322
DA:87,0
FN:87,MockAavePool.setATokenAddress
FNDA:0,MockAavePool.setATokenAddress
DA:88,0
DA:89,0
DA:95,0
FN:95,MockAavePool.setUserCollateral
FNDA:0,MockAavePool.setUserCollateral
DA:96,0
DA:102,0
FN:102,MockAavePool.setUserDebt
FNDA:0,MockAavePool.setUserDebt
DA:103,0
DA:108,0
FN:108,MockAavePool.setShouldRevertOnSupply
FNDA:0,MockAavePool.setShouldRevertOnSupply
DA:109,0
DA:112,0
FN:112,MockAavePool.setShouldRevertOnWithdraw
FNDA:0,MockAavePool.setShouldRevertOnWithdraw
DA:113,0
DA:116,0
FN:116,MockAavePool.setShouldRevertOnBorrow
FNDA:0,MockAavePool.setShouldRevertOnBorrow
DA:117,0
DA:120,0
FN:120,MockAavePool.setShouldRevertOnRepay
FNDA:0,MockAavePool.setShouldRevertOnRepay
DA:121,0
DA:124,0
FN:124,MockAavePool.setShouldRevertOnLiquidation
FNDA:0,MockAavePool.setShouldRevertOnLiquidation
DA:125,0
DA:128,0
FN:128,MockAavePool.setFlashLoanFee
FNDA:0,MockAavePool.setFlashLoanFee
DA:129,0
DA:137,6092
FN:137,MockAavePool.supply
FNDA:6092,MockAavePool.supply
DA:143,6092
BRDA:143,0,0,-
BRDA:143,0,1,6092
DA:146,6092
DA:147,6092
DA:150,6092
DA:152,6092
DA:158,1218
FN:158,MockAavePool.withdraw
FNDA:1218,MockAavePool.withdraw
DA:163,1218
BRDA:163,1,0,-
BRDA:163,1,1,1218
DA:164,1218
BRDA:164,2,0,-
BRDA:164,2,1,1218
DA:165,1218
BRDA:165,3,0,-
BRDA:165,3,1,1218
DA:171,1218
DA:174,1218
DA:177,1218
DA:179,1218
DA:180,1218
DA:186,3576
FN:186,MockAavePool.borrow
FNDA:3576,MockAavePool.borrow
DA:193,3576
BRDA:193,4,0,-
BRDA:193,4,1,3576
DA:196,3576
DA:199,3576
DA:202,3576
DA:204,3576
DA:210,963
FN:210,MockAavePool.repay
FNDA:963,MockAavePool.repay
DA:216,963
BRDA:216,5,0,-
BRDA:216,5,1,963
DA:217,963
BRDA:217,6,0,-
BRDA:217,6,1,963
DA:222,963
DA:223,963
DA:226,963
DA:228,963
DA:231,963
DA:233,963
DA:234,963
DA:240,0
FN:240,MockAavePool.liquidationCall
FNDA:0,MockAavePool.liquidationCall
DA:247,0
BRDA:247,7,0,-
BRDA:247,7,1,-
DA:250,0
DA:253,0
DA:256,0
DA:257,0
DA:260,0
BRDA:260,8,0,-
DA:261,0
DA:264,0
DA:270,0
FN:270,MockAavePool.flashLoanSimple
FNDA:0,MockAavePool.flashLoanSimple
DA:277,0
DA:278,0
DA:280,0
DA:283,0
DA:289,0
DA:290,0
BRDA:290,9,0,-
BRDA:290,9,1,-
DA:292,0
DA:298,17058
FN:298,MockAavePool.getUserAccountData
FNDA:17058,MockAavePool.getUserAccountData
DA:311,17058
DA:312,17058
DA:325,23308
FN:325,MockAavePool.getReserveData
FNDA:23308,MockAavePool.getReserveData
DA:331,23308
DA:339,0
FN:339,MockAavePool.getUserCollateral
FNDA:0,MockAavePool.getUserCollateral
DA:340,0
DA:346,0
FN:346,MockAavePool.getUserDebt
FNDA:0,MockAavePool.getUserDebt
DA:347,0
DA:353,0
FN:353,MockAavePool.fundPool
FNDA:0,MockAavePool.fundPool
DA:354,0
FNF:22
FNH:8
LF:82
LH:40
BRF:19
BRH:7
end_of_record
TN:
SF:test/mocks/MockERC20.sol
DA:19,608
FN:19,MockERC20.constructor
FNDA:608,MockERC20.constructor
DA:24,608
DA:30,39770
FN:30,MockERC20.decimals
FNDA:39770,MockERC20.decimals
DA:31,39770
DA:37,1357
FN:37,MockERC20.mint
FNDA:1357,MockERC20.mint
DA:38,1357
DA:44,2181
FN:44,MockERC20.burn
FNDA:2181,MockERC20.burn
DA:45,2181
DA:51,0
FN:51,MockERC20.mintSelf
FNDA:0,MockERC20.mintSelf
DA:52,0
DA:58,0
FN:58,MockERC20.burnSelf
FNDA:0,MockERC20.burnSelf
DA:59,0
DA:67,0
FN:67,MockERC20.setShouldRevertOnTransfer
FNDA:0,MockERC20.setShouldRevertOnTransfer
DA:68,0
DA:74,0
FN:74,MockERC20.setShouldRevertOnTransferFrom
FNDA:0,MockERC20.setShouldRevertOnTransferFrom
DA:75,0
DA:81,0
FN:81,MockERC20.setShouldRevertOnApprove
FNDA:0,MockERC20.setShouldRevertOnApprove
DA:82,0
DA:90,13245
FN:90,MockERC20.transfer
FNDA:13245,MockERC20.transfer
DA:94,13245
BRDA:94,0,0,-
BRDA:94,0,1,13245
DA:95,13245
DA:101,1936
FN:101,MockERC20.transferFrom
FNDA:1936,MockERC20.transferFrom
DA:106,1936
BRDA:106,1,0,-
BRDA:106,1,1,1936
DA:107,1936
DA:113,1937
FN:113,MockERC20.approve
FNDA:1937,MockERC20.approve
DA:117,1937
BRDA:117,2,0,-
BRDA:117,2,1,1937
DA:118,1937
DA:127,0
FN:127,MockERC20.setBalance
FNDA:0,MockERC20.setBalance
DA:128,0
DA:130,0
BRDA:130,3,0,-
BRDA:130,3,1,-
DA:131,0
DA:132,0
BRDA:132,4,0,-
DA:133,0
DA:140,0
FN:140,MockERC20.setAllowance
FNDA:0,MockERC20.setAllowance
DA:147,0
DA:153,0
FN:153,MockERC20.resetRevertFlags
FNDA:0,MockERC20.resetRevertFlags
DA:154,0
DA:155,0
DA:156,0
FNF:15
FNH:7
LF:39
LH:17
BRF:9
BRH:3
end_of_record
TN:
SF:test/mocks/MockPoolDataProvider.sol
DA:36,126
FN:36,MockPoolDataProvider.setReserveConfigurationData
FNDA:126,MockPoolDataProvider.setReserveConfigurationData
DA:37,126
DA:54,193
FN:54,MockPoolDataProvider.getReserveConfigurationData
FNDA:193,MockPoolDataProvider.getReserveConfigurationData
DA:71,193
DA:72,193
FNF:2
FNH:2
LF:5
LH:5
BRF:0
BRH:0
end_of_record
TN:
SF:test/mocks/MockV3Aggregator.sol
DA:209,0
FN:209,MockV3Aggregator.constructor
FNDA:0,MockV3Aggregator.constructor
DA:210,0
DA:211,0
DA:214,0
FN:214,MockV3Aggregator.updateAnswer
FNDA:0,MockV3Aggregator.updateAnswer
DA:215,0
DA:216,0
DA:217,0
DA:218,0
DA:219,0
DA:220,0
DA:221,0
DA:224,0
FN:224,MockV3Aggregator.updateRoundData.0
FNDA:0,MockV3Aggregator.updateRoundData.0
DA:230,0
DA:231,0
DA:232,0
DA:233,0
DA:234,0
DA:235,0
DA:236,0
DA:239,0
FN:239,MockV3Aggregator.updateRoundData.1
FNDA:0,MockV3Aggregator.updateRoundData.1
DA:246,0
DA:247,0
DA:248,0
DA:249,0
DA:250,0
DA:251,0
DA:252,0
DA:255,0
FN:255,MockV3Aggregator.getRoundData
FNDA:0,MockV3Aggregator.getRoundData
DA:261,0
DA:264,0
FN:264,MockV3Aggregator.latestRoundData
FNDA:0,MockV3Aggregator.latestRoundData
DA:270,0
DA:279,0
FN:279,MockV3Aggregator.description
FNDA:0,MockV3Aggregator.description
DA:280,0
FNF:7
FNH:0
LF:33
LH:0
BRF:0
BRH:0
end_of_record
TN:
SF:test/mocks/MockWETH.sol
DA:25,19040
FN:25,MockWETH.decimals
FNDA:19040,MockWETH.decimals
DA:26,19040
DA:32,3
FN:32,MockWETH.deposit
FNDA:3,MockWETH.deposit
DA:33,3
BRDA:33,0,0,-
BRDA:33,0,1,3
DA:34,3
DA:35,3
DA:41,2
FN:41,MockWETH.withdraw
FNDA:2,MockWETH.withdraw
DA:42,2
BRDA:42,1,0,-
BRDA:42,1,1,2
DA:43,2
BRDA:43,2,0,-
BRDA:43,2,1,2
DA:45,2
DA:47,2
DA:48,2
BRDA:48,3,0,-
BRDA:48,3,1,2
DA:50,2
DA:56,0
FN:56,MockWETH.receive
FNDA:0,MockWETH.receive
DA:57,0
DA:63,0
FN:63,MockWETH.fallback
FNDA:0,MockWETH.fallback
DA:64,0
DA:72,0
FN:72,MockWETH.setShouldRevertOnDeposit
FNDA:0,MockWETH.setShouldRevertOnDeposit
DA:73,0
DA:79,0
FN:79,MockWETH.setShouldRevertOnWithdraw
FNDA:0,MockWETH.setShouldRevertOnWithdraw
DA:80,0
DA:86,0
FN:86,MockWETH.resetRevertFlags
FNDA:0,MockWETH.resetRevertFlags
DA:87,0
DA:88,0
DA:96,1044
FN:96,MockWETH.mint
FNDA:1044,MockWETH.mint
DA:97,1044
DA:103,0
FN:103,MockWETH.burn
FNDA:0,MockWETH.burn
DA:104,0
DA:110,0
FN:110,MockWETH.setBalance
FNDA:0,MockWETH.setBalance
DA:111,0
DA:113,0
BRDA:113,4,0,-
BRDA:113,4,1,-
DA:114,0
DA:115,0
BRDA:115,5,0,-
DA:116,0
DA:123,0
FN:123,MockWETH.fundWithETH
FNDA:0,MockWETH.fundWithETH
FNF:12
FNH:4
LF:35
LH:15
BRF:11
BRH:4
end_of_record
