TN:
SF:script/DeployDebtManager.s.sol
DA:17,0
FN:17,DeployDebtManager.run
FNDA:0,DeployDebtManager.run
DA:19,0
DA:21,0
DA:31,0
DA:33,0
DA:34,0
DA:35,0
BRDA:35,0,0,-
DA:36,0
DA:40,0
DA:42,0
DA:44,0
DA:45,0
DA:47,0
FNF:1
FNH:0
LF:13
LH:0
BRF:1
BRH:0
end_of_record
TN:
SF:script/HelperConfig.s.sol
DA:44,0
FN:44,HelperConfig.constructor
FNDA:0,HelperConfig.constructor
DA:45,0
BRDA:45,0,0,-
BRDA:45,0,1,-
DA:46,0
DA:47,0
BRDA:47,1,0,-
BRDA:47,1,1,-
DA:48,0
DA:50,0
DA:54,0
FN:54,HelperConfig.getBaseMainConfig
FNDA:0,HelperConfig.getBaseMainConfig
DA:55,0
DA:68,0
FN:68,HelperConfig.getSepoliaEthConfig
FNDA:0,HelperConfig.getSepoliaEthConfig
DA:69,0
DA:82,0
FN:82,HelperConfig.getOrCreateAnvilEthConfig
FNDA:0,HelperConfig.getOrCreateAnvilEthConfig
DA:84,0
BRDA:84,2,0,-
DA:85,0
DA:88,0
DA:90,0
DA:92,0
DA:94,0
DA:96,0
DA:98,0
DA:100,0
DA:102,0
DA:104,0
DA:105,0
DA:106,0
DA:107,0
DA:108,0
DA:109,0
DA:111,0
DA:113,0
FNF:4
FNH:0
LF:29
LH:0
BRF:5
BRH:0
end_of_record
TN:
SF:src/Aave.sol
DA:35,126
FN:35,Aave.constructor
FNDA:126,Aave.constructor
DA:42,126
DA:43,126
DA:44,126
DA:46,126
DA:48,126
DA:49,126
DA:56,1
FN:56,Aave.getVariableBorrowAPR
FNDA:1,Aave.getVariableBorrowAPR
DA:61,1
DA:62,1
DA:74,3
FN:74,Aave.getUserAccountData
FNDA:3,Aave.getUserAccountData
DA:89,3
DA:90,3
DA:92,3
DA:100,3
DA:103,3
DA:104,3
DA:105,3
DA:106,3
DA:108,3
DA:109,3
DA:117,4
FN:117,Aave.getHealthFactor
FNDA:4,Aave.getHealthFactor
DA:120,4
DA:122,4
BRDA:122,0,0,1
BRDA:122,0,1,2
DA:123,1
DA:124,3
BRDA:124,1,0,1
BRDA:124,1,1,2
DA:125,1
DA:127,2
DA:130,4
DA:137,3836
FN:137,Aave.revertIfHFBreaks
FNDA:3836,Aave.revertIfHFBreaks
DA:141,3836
DA:148,3836
DA:150,3836
DA:151,3836
DA:154,3836
DA:155,3836
BRDA:155,2,0,1
DA:156,1
DA:160,3835
DA:161,3835
DA:165,3835
BRDA:165,3,0,1
DA:166,1
DA:174,261
FN:174,Aave.isAtRisk
FNDA:261,Aave.isAtRisk
DA:175,261
DA:176,261
DA:184,23114
FN:184,Aave.getVariableDebt
FNDA:23114,Aave.getVariableDebt
DA:188,23114
DA:189,23114
DA:197,9
FN:197,Aave.getSupplyBalance
FNDA:9,Aave.getSupplyBalance
DA:201,9
DA:202,9
DA:209,54705
FN:209,Aave.getAssetPrice
FNDA:54705,Aave.getAssetPrice
DA:210,54705
DA:212,54705
BRDA:212,4,0,-
DA:213,0
DA:221,185
FN:221,Aave.getAssetLiquidationBonus
FNDA:185,Aave.getAssetLiquidationBonus
DA:224,185
DA:226,185
FNF:10
FNH:10
LF:57
LH:56
BRF:7
BRH:6
end_of_record
TN:
SF:src/DebtManager.sol
DA:94,6093
FN:94,DebtManager.moreThanZero
FNDA:6093,DebtManager.moreThanZero
DA:95,6093
DA:99,6092
FN:99,DebtManager.isSupportedToken
FNDA:6092,DebtManager.isSupportedToken
DA:100,6092
DA:104,6095
FN:104,DebtManager.isCollateralPaused
FNDA:6095,DebtManager.isCollateralPaused
DA:105,6095
DA:109,3579
FN:109,DebtManager.enforceCooldown
FNDA:3579,DebtManager.enforceCooldown
DA:110,3579
DA:116,100
FN:116,DebtManager.constructor
FNDA:100,DebtManager.constructor
DA:122,100
BRDA:122,0,0,1
DA:123,1
DA:126,99
DA:127,296
BRDA:127,1,0,1
DA:128,1
DA:130,295
DA:131,295
DA:134,98
DA:135,98
DA:136,98
DA:138,98
DA:139,98
DA:163,6095
FN:163,DebtManager.depositCollateralERC20
FNDA:6095,DebtManager.depositCollateralERC20
DA:175,6089
DA:176,6089
DA:177,6089
DA:180,6089
DA:182,6089
DA:187,6089
DA:190,6089
DA:202,5
FN:202,DebtManager.depositCollateralETH
FNDA:5,DebtManager.depositCollateralETH
DA:212,4
DA:214,4
BRDA:214,2,0,1
DA:215,1
DA:217,3
DA:219,3
DA:220,3
DA:221,3
DA:224,3
DA:225,3
DA:226,3
DA:241,1161
FN:241,DebtManager.redeemCollateral
FNDA:1161,DebtManager.redeemCollateral
DA:254,1029
DA:256,1029
DA:259,1029
BRDA:259,3,0,1
DA:260,1
DA:263,1028
DA:264,1028
BRDA:264,4,0,357
DA:265,357
DA:267,1
BRDA:267,5,0,1
DA:268,1
DA:270,1028
DA:272,1028
DA:273,1028
DA:281,3580
FN:281,DebtManager.borrowUsdc
FNDA:3580,DebtManager.borrowUsdc
DA:292,3578
DA:295,3578
DA:296,3578
BRDA:296,6,0,1
DA:297,1
DA:300,3577
DA:301,3576
BRDA:301,7,0,1767
DA:302,1767
DA:305,3576
DA:306,3576
DA:307,3576
DA:308,3576
DA:316,776
FN:316,DebtManager.repayUsdc
FNDA:776,DebtManager.repayUsdc
DA:320,775
DA:323,775
BRDA:323,8,0,1
DA:324,1
DA:327,774
DA:328,774
BRDA:328,9,0,1
DA:329,1
DA:332,774
DA:339,261
FN:339,DebtManager.setProtocolAPRMarkup
FNDA:261,DebtManager.setProtocolAPRMarkup
DA:342,260
BRDA:342,10,0,1
DA:343,1
DA:345,259
DA:352,3
FN:352,DebtManager.setLiquidationFee
FNDA:3,DebtManager.setLiquidationFee
DA:355,2
BRDA:355,11,0,1
DA:356,1
DA:358,1
DA:365,3
FN:365,DebtManager.setCoolDownPeriod
FNDA:3,DebtManager.setCoolDownPeriod
DA:368,2
BRDA:368,12,0,1
DA:369,1
DA:371,1
DA:378,3
FN:378,DebtManager.addCollateralAsset
FNDA:3,DebtManager.addCollateralAsset
DA:381,2
BRDA:381,13,0,1
DA:382,1
DA:384,1
DA:385,1
DA:392,7
FN:392,DebtManager.pauseCollateralActivity
FNDA:7,DebtManager.pauseCollateralActivity
DA:395,6
BRDA:395,14,0,1
DA:396,1
DA:398,1
BRDA:398,15,0,1
DA:399,1
DA:401,4
DA:408,4
FN:408,DebtManager.unPauseCollateralActivity
FNDA:4,DebtManager.unPauseCollateralActivity
DA:411,3
BRDA:411,16,0,1
DA:412,1
DA:414,2
BRDA:414,17,0,1
DA:415,1
DA:417,1
DA:424,4
FN:424,DebtManager.pause
FNDA:4,DebtManager.pause
DA:425,3
DA:432,2
FN:432,DebtManager.unpause
FNDA:2,DebtManager.unpause
DA:433,1
DA:441,740
FN:441,DebtManager.userLTV
FNDA:740,DebtManager.userLTV
DA:442,1438
DA:444,1438
DA:448,1438
DA:449,1438
DA:450,4
BRDA:450,18,0,4
DA:452,1434
DA:460,515
FN:460,DebtManager.isLiquidatable
FNDA:515,DebtManager.isLiquidatable
DA:461,698
DA:463,698
BRDA:463,19,0,2
DA:464,2
DA:466,696
DA:476,184
FN:476,DebtManager.liquidate
FNDA:184,DebtManager.liquidate
DA:490,183
BRDA:490,20,0,1
DA:491,1
DA:495,182
DA:496,182
DA:499,182
DA:500,182
BRDA:500,21,0,89
BRDA:500,21,1,93
DA:501,89
DA:503,93
DA:505,182
DA:506,182
BRDA:506,22,0,46
DA:507,46
DA:511,182
DA:512,182
DA:516,182
DA:521,182
DA:522,1
BRDA:522,23,0,1
DA:523,1
DA:527,181
DA:528,181
DA:529,181
DA:537,181
DA:538,181
DA:539,181
DA:542,1
BRDA:542,24,0,1
DA:543,1
DA:545,181
DA:546,181
DA:547,181
DA:549,180
DA:567,7
FN:567,DebtManager.withdrawRevenue
FNDA:7,DebtManager.withdrawRevenue
DA:579,5
BRDA:579,25,0,1
DA:580,1
DA:582,4
BRDA:582,26,0,2
BRDA:582,26,1,1
DA:584,2
DA:585,1
DA:586,1
BRDA:586,27,0,1
DA:587,1
DA:589,1
DA:591,2
DA:592,2
BRDA:592,28,0,1
DA:593,1
DA:595,1
DA:598,2
DA:599,2
DA:608,3576
FN:608,DebtManager._borrowUsd
FNDA:3576,DebtManager._borrowUsd
DA:609,3576
DA:611,3576
DA:612,3576
BRDA:612,29,0,3061
BRDA:612,29,1,515
DA:613,3061
DA:615,515
DA:617,3576
DA:618,3576
DA:620,3576
DA:623,3576
DA:638,774
FN:638,DebtManager._repayUsdc
FNDA:774,DebtManager._repayUsdc
DA:640,774
DA:641,774
DA:643,774
DA:644,774
DA:645,774
DA:646,774
DA:648,774
DA:651,774
DA:652,774
DA:668,1209
FN:668,DebtManager._redeemCollateral
FNDA:1209,DebtManager._redeemCollateral
DA:674,1209
DA:677,1209
DA:684,181
BRDA:684,30,0,181
BRDA:684,30,1,1028
DA:685,181
DA:688,181
DA:690,1028
DA:694,2
BRDA:694,31,0,2
DA:695,2
DA:696,2
DA:697,2
BRDA:697,32,0,-
DA:698,0
DA:700,2
DA:703,1207
DA:705,1207
DA:713,3579
FN:713,DebtManager._maxBorrowValue
FNDA:3579,DebtManager._maxBorrowValue
DA:714,3579
DA:718,3579
DA:720,3579
DA:722,3579
BRDA:722,33,0,1
DA:723,1
DA:725,3578
DA:733,3578
FN:733,DebtManager._maxBorrowAmount
FNDA:3578,DebtManager._maxBorrowAmount
DA:734,3578
DA:736,3577
DA:737,3577
DA:739,3577
DA:750,1030
FN:750,DebtManager._maxWithdrawAmount
FNDA:1030,DebtManager._maxWithdrawAmount
DA:755,1030
DA:759,1030
DA:760,1030
DA:761,1030
DA:764,1030
DA:765,1030
BRDA:765,34,0,771
BRDA:765,34,1,259
DA:766,771
DA:768,259
DA:770,259
DA:774,1030
BRDA:774,35,0,2
DA:775,2
DA:778,1030
DA:787,1214
FN:787,DebtManager._valueToAmount
FNDA:1214,DebtManager._valueToAmount
DA:791,1214
DA:792,1214
DA:794,1214
DA:805,774
FN:805,DebtManager._repayCut
FNDA:774,DebtManager._repayCut
DA:808,774
DA:811,774
DA:819,515
FN:819,DebtManager._sharesToGet
FNDA:515,DebtManager._sharesToGet
DA:822,515
DA:832,955
FN:832,DebtManager._sharesToBurn
FNDA:955,DebtManager._sharesToBurn
DA:835,955
DA:848,19274
FN:848,DebtManager._debtOwed
FNDA:19274,DebtManager._debtOwed
DA:851,19274
DA:852,19274
BRDA:852,36,0,8316
DA:853,10958
DA:856,10958
DA:865,23109
FN:865,DebtManager._currentPlatformDebt
FNDA:23109,DebtManager._currentPlatformDebt
DA:866,23109
DA:867,23109
DA:875,12913
FN:875,DebtManager._currentPlatformLtvAndLltv
FNDA:12913,DebtManager._currentPlatformLtvAndLltv
DA:876,12913
DA:879,12913
DA:883,12530
DA:896,15858
FN:896,DebtManager._getAccountInformation
FNDA:15858,DebtManager._getAccountInformation
DA:907,15858
DA:908,15858
DA:909,15858
DA:910,15858
DA:918,5839
FN:918,DebtManager._healthFactor
FNDA:5839,DebtManager._healthFactor
DA:919,5839
DA:920,5456
DA:924,5456
DA:925,5456
DA:926,5456
DA:937,54703
FN:937,DebtManager._getAssetPrice
FNDA:54703,DebtManager._getAssetPrice
DA:941,54703
DA:950,49911
FN:950,DebtManager._getUsdValue
FNDA:49911,DebtManager._getUsdValue
DA:955,49911
DA:957,49911
DA:959,49911
DA:970,5457
FN:970,DebtManager._calculateHealthFactor
FNDA:5457,DebtManager._calculateHealthFactor
DA:974,5457
BRDA:974,37,0,388
DA:975,5069
DA:977,5069
DA:986,4785
FN:986,DebtManager._revertIfHealthFactorIsBroken
FNDA:4785,DebtManager._revertIfHealthFactorIsBroken
DA:987,4785
DA:988,4402
BRDA:988,38,0,1
DA:989,1
DA:996,4738
FN:996,DebtManager._enforceCooldown
FNDA:4738,DebtManager._enforceCooldown
DA:997,4738
BRDA:997,39,0,131
DA:998,131
DA:1005,7442
FN:1005,DebtManager._isSupportedToken
FNDA:7442,DebtManager._isSupportedToken
DA:1006,7442
BRDA:1006,40,0,3
DA:1007,3
DA:1014,11806
FN:1014,DebtManager._moreThanZero
FNDA:11806,DebtManager._moreThanZero
DA:1015,11806
BRDA:1015,41,0,7
DA:1016,7
DA:1023,6095
FN:1023,DebtManager._isCollateralPaused
FNDA:6095,DebtManager._isCollateralPaused
DA:1024,6095
BRDA:1024,42,0,1
DA:1025,1
DA:1027,1
BRDA:1027,43,0,1
DA:1028,1
DA:1040,1
FN:1040,DebtManager.getCollateralAmount
FNDA:1,DebtManager.getCollateralAmount
DA:1044,1
DA:1053,1
FN:1053,DebtManager.getCollateralAmountLiquidate
FNDA:1,DebtManager.getCollateralAmountLiquidate
DA:1057,183
DA:1058,183
DA:1060,183
DA:1069,3
FN:1069,DebtManager.getUserMaxCollateralWithdrawAmount
FNDA:3,DebtManager.getUserMaxCollateralWithdrawAmount
DA:1073,3
DA:1075,3
DA:1076,3
BRDA:1076,44,0,1
DA:1077,1
DA:1079,2
DA:1087,1
FN:1087,DebtManager.checkIfTokenSupported
FNDA:1,DebtManager.checkIfTokenSupported
DA:1090,1
DA:1098,3
FN:1098,DebtManager.checkIfCollateralPaused
FNDA:3,DebtManager.checkIfCollateralPaused
DA:1101,3
DA:1110,1
FN:1110,DebtManager.getUserMaxBorrow
FNDA:1,DebtManager.getUserMaxBorrow
DA:1113,1
DA:1115,1
DA:1116,1
DA:1125,2460
FN:1125,DebtManager.getUserDebt
FNDA:2460,DebtManager.getUserDebt
DA:1128,2460
DA:1136,259
FN:1136,DebtManager.getPlatformDebt
FNDA:259,DebtManager.getPlatformDebt
DA:1137,259
DA:1138,259
DA:1145,518
FN:1145,DebtManager.getProtocolRevenue
FNDA:518,DebtManager.getProtocolRevenue
DA:1146,518
DA:1153,1
FN:1153,DebtManager.getProtocolAPRMarkup
FNDA:1,DebtManager.getProtocolAPRMarkup
DA:1154,1
DA:1161,1
FN:1161,DebtManager.getLiquidationFee
FNDA:1,DebtManager.getLiquidationFee
DA:1162,1
DA:1170,1
FN:1170,DebtManager.getLiquidationBonus
FNDA:1,DebtManager.getLiquidationBonus
DA:1173,1
DA:1174,1
DA:1181,79
FN:1181,DebtManager.getCoolDownPeriod
FNDA:79,DebtManager.getCoolDownPeriod
DA:1182,79
DA:1191,515
FN:1191,DebtManager.getUserHealthFactor
FNDA:515,DebtManager.getUserHealthFactor
DA:1194,515
DA:1196,515
DA:1198,515
BRDA:1198,45,0,1
BRDA:1198,45,1,1
DA:1199,1
DA:1200,514
BRDA:1200,46,0,513
BRDA:1200,46,1,1
DA:1201,513
DA:1203,1
DA:1212,1
FN:1212,DebtManager.getUserTotalDebt
FNDA:1,DebtManager.getUserTotalDebt
DA:1215,1
DA:1226,1
FN:1226,DebtManager.getUserAccountData
FNDA:1,DebtManager.getUserAccountData
DA:1233,1
DA:1234,1
DA:1235,1
DA:1236,1
DA:1237,1
DA:1246,738
FN:1246,DebtManager.getUsdValue
FNDA:738,DebtManager.getUsdValue
DA:1250,738
DA:1258,3
FN:1258,DebtManager.getAssetPrice
FNDA:3,DebtManager.getAssetPrice
DA:1261,3
BRDA:1261,47,0,1
DA:1262,1
DA:1264,2
BRDA:1264,48,0,1
DA:1265,1
DA:1267,1
DA:1276,2582
FN:1276,DebtManager.getCollateralBalanceOfUser
FNDA:2582,DebtManager.getCollateralBalanceOfUser
DA:1280,2582
DA:1288,482
FN:1288,DebtManager.getAccountCollateralValue
FNDA:482,DebtManager.getAccountCollateralValue
DA:1291,16340
DA:1292,49020
DA:1293,49020
DA:1294,49020
BRDA:1294,49,0,32775
DA:1295,16245
DA:1305,1538
FN:1305,DebtManager.getPlatformLltvAndLtv
FNDA:1538,DebtManager.getPlatformLltvAndLtv
DA:1310,1538
DA:1311,1538
DA:1318,1
FN:1318,DebtManager.getCollateralTokens
FNDA:1,DebtManager.getCollateralTokens
DA:1324,1
DA:1332,771
FN:1332,DebtManager.getTotalColSupplied
FNDA:771,DebtManager.getTotalColSupplied
DA:1335,771
DA:1342,1027
FN:1342,DebtManager.getTotalDebtShares
FNDA:1027,DebtManager.getTotalDebtShares
DA:1343,1027
DA:1351,1027
FN:1351,DebtManager.getUserShares
FNDA:1027,DebtManager.getUserShares
DA:1354,1027
DA:1362,357
FN:1362,DebtManager.getHealthFactor
FNDA:357,DebtManager.getHealthFactor
DA:1363,357
DA:1371,1
FN:1371,DebtManager.getNextActivity
FNDA:1,DebtManager.getNextActivity
DA:1374,1
DA:1382,1
FN:1382,DebtManager.getUserSuppliedCollateralAmount
FNDA:1,DebtManager.getUserSuppliedCollateralAmount
DA:1385,1
DA:1386,1
DA:1388,1
DA:1389,3
DA:1390,3
DA:1391,3
BRDA:1391,50,0,1
DA:1393,2
DA:1395,2
DA:1403,2
FN:1403,DebtManager.getLiquidationRevenue
FNDA:2,DebtManager.getLiquidationRevenue
DA:1409,2
DA:1410,2
DA:1412,2
DA:1413,6
DA:1414,6
DA:1416,6
DA:1418,6
DA:1430,4
FN:1430,DebtManager.getLiquidationRevenueSpecific
FNDA:4,DebtManager.getLiquidationRevenueSpecific
DA:1433,4
FNF:75
FNH:75
LF:387
LH:386
BRF:58
BRH:57
end_of_record
TN:
SF:src/libraries/OracleLib.sol
DA:20,0
FN:20,OracleLib.staleCheckLatestRoundData
FNDA:0,OracleLib.staleCheckLatestRoundData
DA:23,0
DA:24,0
DA:26,0
BRDA:26,0,0,-
DA:27,0
DA:29,0
DA:30,0
BRDA:30,1,0,-
DA:32,0
DA:35,0
FN:35,OracleLib.getTimeout
FNDA:0,OracleLib.getTimeout
DA:36,0
FNF:2
FNH:0
LF:10
LH:0
BRF:2
BRH:0
end_of_record
TN:
SF:test/mocks/MockAaveOracle.sol
DA:35,1356
FN:35,MockAaveOracle.setAssetPrice
FNDA:1356,MockAaveOracle.setAssetPrice
DA:36,1356
DA:37,1356
DA:45,0
FN:45,MockAaveOracle.setAssetPrices
FNDA:0,MockAaveOracle.setAssetPrices
DA:49,0
BRDA:49,0,0,-
BRDA:49,0,1,-
DA:51,0
DA:52,0
DA:53,0
DA:61,0
FN:61,MockAaveOracle.setDefaultPrice
FNDA:0,MockAaveOracle.setDefaultPrice
DA:62,0
DA:69,0
FN:69,MockAaveOracle.setShouldRevert
FNDA:0,MockAaveOracle.setShouldRevert
DA:70,0
DA:80,58544
FN:80,MockAaveOracle.getAssetPrice
FNDA:58544,MockAaveOracle.getAssetPrice
DA:83,58544
BRDA:83,1,0,-
BRDA:83,1,1,58544
DA:85,58544
DA:88,58544
DA:98,0
FN:98,MockAaveOracle.hasAssetPrice
FNDA:0,MockAaveOracle.hasAssetPrice
DA:99,0
DA:107,0
FN:107,MockAaveOracle.updatePrice
FNDA:0,MockAaveOracle.updatePrice
DA:108,0
DA:109,0
DA:117,0
FN:117,MockAaveOracle.simulatePriceCrash
FNDA:0,MockAaveOracle.simulatePriceCrash
DA:118,0
BRDA:118,2,0,-
BRDA:118,2,1,-
DA:119,0
DA:120,0
BRDA:120,3,0,-
BRDA:120,3,1,-
DA:122,0
DA:123,0
DA:124,0
DA:132,0
FN:132,MockAaveOracle.simulatePricePump
FNDA:0,MockAaveOracle.simulatePricePump
DA:136,0
DA:137,0
BRDA:137,4,0,-
BRDA:137,4,1,-
DA:139,0
DA:140,0
DA:141,0
DA:147,0
FN:147,MockAaveOracle.resetPrices
FNDA:0,MockAaveOracle.resetPrices
DA:150,0
DA:151,0
FNF:10
FNH:2
LF:37
LH:7
BRF:10
BRH:1
end_of_record
TN:
SF:test/mocks/MockAavePool.sol
DA:58,4397
FN:58,MockAavePool.setUserAccountData
FNDA:4397,MockAavePool.setUserAccountData
DA:67,4397
DA:80,322
FN:80,MockAavePool.setReserveData
FNDA:322,MockAavePool.setReserveData
DA:81,322
DA:87,0
FN:87,MockAavePool.setATokenAddress
FNDA:0,MockAavePool.setATokenAddress
DA:88,0
DA:89,0
DA:95,0
FN:95,MockAavePool.setUserCollateral
FNDA:0,MockAavePool.setUserCollateral
DA:96,0
DA:102,0
FN:102,MockAavePool.setUserDebt
FNDA:0,MockAavePool.setUserDebt
DA:103,0
DA:108,0
FN:108,MockAavePool.setShouldRevertOnSupply
FNDA:0,MockAavePool.setShouldRevertOnSupply
DA:109,0
DA:112,0
FN:112,MockAavePool.setShouldRevertOnWithdraw
FNDA:0,MockAavePool.setShouldRevertOnWithdraw
DA:113,0
DA:116,0
FN:116,MockAavePool.setShouldRevertOnBorrow
FNDA:0,MockAavePool.setShouldRevertOnBorrow
DA:117,0
DA:120,0
FN:120,MockAavePool.setShouldRevertOnRepay
FNDA:0,MockAavePool.setShouldRevertOnRepay
DA:121,0
DA:124,0
FN:124,MockAavePool.setShouldRevertOnLiquidation
FNDA:0,MockAavePool.setShouldRevertOnLiquidation
DA:125,0
DA:128,0
FN:128,MockAavePool.setFlashLoanFee
FNDA:0,MockAavePool.setFlashLoanFee
DA:129,0
DA:137,6092
FN:137,MockAavePool.supply
FNDA:6092,MockAavePool.supply
DA:143,6092
BRDA:143,0,0,-
BRDA:143,0,1,6092
DA:146,6092
DA:147,6092
DA:150,6092
DA:152,6092
DA:158,1209
FN:158,MockAavePool.withdraw
FNDA:1209,MockAavePool.withdraw
DA:163,1209
BRDA:163,1,0,-
BRDA:163,1,1,1209
DA:164,1209
BRDA:164,2,0,-
BRDA:164,2,1,1209
DA:165,1209
BRDA:165,3,0,-
BRDA:165,3,1,1209
DA:171,1209
DA:174,1209
DA:177,1209
DA:179,1209
DA:180,1209
DA:186,3576
FN:186,MockAavePool.borrow
FNDA:3576,MockAavePool.borrow
DA:193,3576
BRDA:193,4,0,-
BRDA:193,4,1,3576
DA:196,3576
DA:199,3576
DA:202,3576
DA:204,3576
DA:210,955
FN:210,MockAavePool.repay
FNDA:955,MockAavePool.repay
DA:216,955
BRDA:216,5,0,-
BRDA:216,5,1,955
DA:217,955
BRDA:217,6,0,-
BRDA:217,6,1,955
DA:222,955
DA:223,955
DA:226,955
DA:228,955
DA:231,955
DA:233,955
DA:234,955
DA:240,0
FN:240,MockAavePool.liquidationCall
FNDA:0,MockAavePool.liquidationCall
DA:247,0
BRDA:247,7,0,-
BRDA:247,7,1,-
DA:250,0
DA:253,0
DA:256,0
DA:257,0
DA:260,0
BRDA:260,8,0,-
DA:261,0
DA:264,0
DA:270,0
FN:270,MockAavePool.flashLoanSimple
FNDA:0,MockAavePool.flashLoanSimple
DA:277,0
DA:278,0
DA:280,0
DA:283,0
DA:289,0
DA:290,0
BRDA:290,9,0,-
BRDA:290,9,1,-
DA:292,0
DA:298,17017
FN:298,MockAavePool.getUserAccountData
FNDA:17017,MockAavePool.getUserAccountData
DA:311,17017
DA:312,17017
DA:325,23250
FN:325,MockAavePool.getReserveData
FNDA:23250,MockAavePool.getReserveData
DA:331,23250
DA:339,0
FN:339,MockAavePool.getUserCollateral
FNDA:0,MockAavePool.getUserCollateral
DA:340,0
DA:346,0
FN:346,MockAavePool.getUserDebt
FNDA:0,MockAavePool.getUserDebt
DA:347,0
DA:353,0
FN:353,MockAavePool.fundPool
FNDA:0,MockAavePool.fundPool
DA:354,0
FNF:22
FNH:8
LF:82
LH:40
BRF:19
BRH:7
end_of_record
TN:
SF:test/mocks/MockERC20.sol
DA:19,608
FN:19,MockERC20.constructor
FNDA:608,MockERC20.constructor
DA:24,608
DA:30,39678
FN:30,MockERC20.decimals
FNDA:39678,MockERC20.decimals
DA:31,39678
DA:37,1357
FN:37,MockERC20.mint
FNDA:1357,MockERC20.mint
DA:38,1357
DA:44,2164
FN:44,MockERC20.burn
FNDA:2164,MockERC20.burn
DA:45,2164
DA:51,0
FN:51,MockERC20.mintSelf
FNDA:0,MockERC20.mintSelf
DA:52,0
DA:58,0
FN:58,MockERC20.burnSelf
FNDA:0,MockERC20.burnSelf
DA:59,0
DA:67,0
FN:67,MockERC20.setShouldRevertOnTransfer
FNDA:0,MockERC20.setShouldRevertOnTransfer
DA:68,0
DA:74,0
FN:74,MockERC20.setShouldRevertOnTransferFrom
FNDA:0,MockERC20.setShouldRevertOnTransferFrom
DA:75,0
DA:81,0
FN:81,MockERC20.setShouldRevertOnApprove
FNDA:0,MockERC20.setShouldRevertOnApprove
DA:82,0
DA:90,13245
FN:90,MockERC20.transfer
FNDA:13245,MockERC20.transfer
DA:94,13245
BRDA:94,0,0,-
BRDA:94,0,1,13245
DA:95,13245
DA:101,1920
FN:101,MockERC20.transferFrom
FNDA:1920,MockERC20.transferFrom
DA:106,1920
BRDA:106,1,0,-
BRDA:106,1,1,1920
DA:107,1920
DA:113,1921
FN:113,MockERC20.approve
FNDA:1921,MockERC20.approve
DA:117,1921
BRDA:117,2,0,-
BRDA:117,2,1,1921
DA:118,1921
DA:127,0
FN:127,MockERC20.setBalance
FNDA:0,MockERC20.setBalance
DA:128,0
DA:130,0
BRDA:130,3,0,-
BRDA:130,3,1,-
DA:131,0
DA:132,0
BRDA:132,4,0,-
DA:133,0
DA:140,0
FN:140,MockERC20.setAllowance
FNDA:0,MockERC20.setAllowance
DA:147,0
DA:153,0
FN:153,MockERC20.resetRevertFlags
FNDA:0,MockERC20.resetRevertFlags
DA:154,0
DA:155,0
DA:156,0
FNF:15
FNH:7
LF:39
LH:17
BRF:9
BRH:3
end_of_record
TN:
SF:test/mocks/MockPoolDataProvider.sol
DA:36,126
FN:36,MockPoolDataProvider.setReserveConfigurationData
FNDA:126,MockPoolDataProvider.setReserveConfigurationData
DA:37,126
DA:54,185
FN:54,MockPoolDataProvider.getReserveConfigurationData
FNDA:185,MockPoolDataProvider.getReserveConfigurationData
DA:71,185
DA:72,185
FNF:2
FNH:2
LF:5
LH:5
BRF:0
BRH:0
end_of_record
TN:
SF:test/mocks/MockV3Aggregator.sol
DA:209,0
FN:209,MockV3Aggregator.constructor
FNDA:0,MockV3Aggregator.constructor
DA:210,0
DA:211,0
DA:214,0
FN:214,MockV3Aggregator.updateAnswer
FNDA:0,MockV3Aggregator.updateAnswer
DA:215,0
DA:216,0
DA:217,0
DA:218,0
DA:219,0
DA:220,0
DA:221,0
DA:224,0
FN:224,MockV3Aggregator.updateRoundData.0
FNDA:0,MockV3Aggregator.updateRoundData.0
DA:230,0
DA:231,0
DA:232,0
DA:233,0
DA:234,0
DA:235,0
DA:236,0
DA:239,0
FN:239,MockV3Aggregator.updateRoundData.1
FNDA:0,MockV3Aggregator.updateRoundData.1
DA:246,0
DA:247,0
DA:248,0
DA:249,0
DA:250,0
DA:251,0
DA:252,0
DA:255,0
FN:255,MockV3Aggregator.getRoundData
FNDA:0,MockV3Aggregator.getRoundData
DA:261,0
DA:264,0
FN:264,MockV3Aggregator.latestRoundData
FNDA:0,MockV3Aggregator.latestRoundData
DA:270,0
DA:279,0
FN:279,MockV3Aggregator.description
FNDA:0,MockV3Aggregator.description
DA:280,0
FNF:7
FNH:0
LF:33
LH:0
BRF:0
BRH:0
end_of_record
TN:
SF:test/mocks/MockWETH.sol
DA:25,18989
FN:25,MockWETH.decimals
FNDA:18989,MockWETH.decimals
DA:26,18989
DA:32,3
FN:32,MockWETH.deposit
FNDA:3,MockWETH.deposit
DA:33,3
BRDA:33,0,0,-
BRDA:33,0,1,3
DA:34,3
DA:35,3
DA:41,2
FN:41,MockWETH.withdraw
FNDA:2,MockWETH.withdraw
DA:42,2
BRDA:42,1,0,-
BRDA:42,1,1,2
DA:43,2
BRDA:43,2,0,-
BRDA:43,2,1,2
DA:45,2
DA:47,2
DA:48,2
BRDA:48,3,0,-
BRDA:48,3,1,2
DA:50,2
DA:56,0
FN:56,MockWETH.receive
FNDA:0,MockWETH.receive
DA:57,0
DA:63,0
FN:63,MockWETH.fallback
FNDA:0,MockWETH.fallback
DA:64,0
DA:72,0
FN:72,MockWETH.setShouldRevertOnDeposit
FNDA:0,MockWETH.setShouldRevertOnDeposit
DA:73,0
DA:79,0
FN:79,MockWETH.setShouldRevertOnWithdraw
FNDA:0,MockWETH.setShouldRevertOnWithdraw
DA:80,0
DA:86,0
FN:86,MockWETH.resetRevertFlags
FNDA:0,MockWETH.resetRevertFlags
DA:87,0
DA:88,0
DA:96,1044
FN:96,MockWETH.mint
FNDA:1044,MockWETH.mint
DA:97,1044
DA:103,0
FN:103,MockWETH.burn
FNDA:0,MockWETH.burn
DA:104,0
DA:110,0
FN:110,MockWETH.setBalance
FNDA:0,MockWETH.setBalance
DA:111,0
DA:113,0
BRDA:113,4,0,-
BRDA:113,4,1,-
DA:114,0
DA:115,0
BRDA:115,5,0,-
DA:116,0
DA:123,0
FN:123,MockWETH.fundWithETH
FNDA:0,MockWETH.fundWithETH
FNF:12
FNH:4
LF:35
LH:15
BRF:11
BRH:4
end_of_record
